[debug] [2021-02-18T11:51:41.062Z] ----------------------------------------------------------------------
[debug] [2021-02-18T11:51:41.069Z] Command:       /home/ozair/.config/nvm/versions/node/v14.15.5/bin/node /home/ozair/.config/nvm/versions/node/v14.15.5/bin/firebase init
[debug] [2021-02-18T11:51:41.070Z] CLI Version:   9.4.0
[debug] [2021-02-18T11:51:41.070Z] Platform:      linux
[debug] [2021-02-18T11:51:41.070Z] Node Version:  v14.15.5
[debug] [2021-02-18T11:51:41.071Z] Time:          Thu Feb 18 2021 16:51:41 GMT+0500 (Pakistan Standard Time)
[debug] [2021-02-18T11:51:41.072Z] ----------------------------------------------------------------------
[debug] [2021-02-18T11:51:41.072Z] 
[debug] [2021-02-18T11:51:41.085Z] > command requires scopes: ["email","openid","https://www.googleapis.com/auth/cloudplatformprojects.readonly","https://www.googleapis.com/auth/firebase","https://www.googleapis.com/auth/cloud-platform"]
[debug] [2021-02-18T11:51:41.086Z] > authorizing via signed-in user
[info] 
     ######## #### ########  ######## ########     ###     ######  ########
     ##        ##  ##     ## ##       ##     ##  ##   ##  ##       ##
     ######    ##  ########  ######   ########  #########  ######  ######
     ##        ##  ##    ##  ##       ##     ## ##     ##       ## ##
     ##       #### ##     ## ######## ########  ##     ##  ######  ########

You're about to initialize a Firebase project in this directory:

  /home/ozair/Documents/todo

[info] 
=== Project Setup
[info] 
[info] First, let's associate this project directory with a Firebase project.
[info] You can create multiple project aliases by running firebase use --add, 
[info] but for now we'll just set up a default project.
[info] 
[info] i  If you want to create a project in a Google Cloud organization or folder, please use "firebase projects:create" instead, and return to this command when you've created the project. 
[debug] [2021-02-18T11:52:10.798Z] > refreshing access token with scopes: ["email","https://www.googleapis.com/auth/cloud-platform","https://www.googleapis.com/auth/cloudplatformprojects.readonly","https://www.googleapis.com/auth/firebase","openid"]
[debug] [2021-02-18T11:52:10.800Z] >>> HTTP REQUEST POST https://www.googleapis.com/oauth2/v3/token  
 <request body omitted>
[debug] [2021-02-18T11:52:11.657Z] <<< HTTP RESPONSE 200 {"pragma":"no-cache","expires":"Mon, 01 Jan 1990 00:00:00 GMT","cache-control":"no-cache, no-store, max-age=0, must-revalidate","date":"Thu, 18 Feb 2021 11:52:11 GMT","content-type":"application/json; charset=utf-8","vary":"X-Origin, Referer, Origin,Accept-Encoding","server":"scaffolding on HTTPServer2","x-xss-protection":"0","x-frame-options":"SAMEORIGIN","x-content-type-options":"nosniff","alt-svc":"h3-29=\":443\"; ma=2592000,h3-T051=\":443\"; ma=2592000,h3-Q050=\":443\"; ma=2592000,h3-Q046=\":443\"; ma=2592000,h3-Q043=\":443\"; ma=2592000,quic=\":443\"; ma=2592000; v=\"46,43\"","accept-ranges":"none","transfer-encoding":"chunked"}
[debug] [2021-02-18T11:52:11.705Z] >>> HTTP REQUEST POST https://cloudresourcemanager.googleapis.com/v1/projects  
 {"projectId":"ozauth","name":"ozauth"}
[debug] [2021-02-18T11:52:14.430Z] <<< HTTP RESPONSE 200 {"content-type":"application/json; charset=UTF-8","vary":"X-Origin, Referer, Origin,Accept-Encoding","date":"Thu, 18 Feb 2021 11:52:13 GMT","server":"ESF","cache-control":"private","x-xss-protection":"0","x-frame-options":"SAMEORIGIN","x-content-type-options":"nosniff","server-timing":"gfet4t7; dur=1478","alt-svc":"h3-29=\":443\"; ma=2592000,h3-T051=\":443\"; ma=2592000,h3-Q050=\":443\"; ma=2592000,h3-Q046=\":443\"; ma=2592000,h3-Q043=\":443\"; ma=2592000,quic=\":443\"; ma=2592000; v=\"46,43\"","accept-ranges":"none","transfer-encoding":"chunked"}
[debug] [2021-02-18T11:52:14.435Z] > refreshing access token with scopes: []
[debug] [2021-02-18T11:52:14.436Z] >>> HTTP REQUEST POST https://www.googleapis.com/oauth2/v3/token  
 <request body omitted>
[debug] [2021-02-18T11:52:14.930Z] <<< HTTP RESPONSE 200 {"expires":"Mon, 01 Jan 1990 00:00:00 GMT","cache-control":"no-cache, no-store, max-age=0, must-revalidate","pragma":"no-cache","date":"Thu, 18 Feb 2021 11:52:14 GMT","content-type":"application/json; charset=utf-8","vary":"X-Origin, Referer, Origin,Accept-Encoding","server":"scaffolding on HTTPServer2","x-xss-protection":"0","x-frame-options":"SAMEORIGIN","x-content-type-options":"nosniff","alt-svc":"h3-29=\":443\"; ma=2592000,h3-T051=\":443\"; ma=2592000,h3-Q050=\":443\"; ma=2592000,h3-Q046=\":443\"; ma=2592000,h3-Q043=\":443\"; ma=2592000,quic=\":443\"; ma=2592000; v=\"46,43\"","accept-ranges":"none","transfer-encoding":"chunked"}
[debug] [2021-02-18T11:52:14.985Z] >>> [apiv2][query] GET https://cloudresourcemanager.googleapis.com/v1/operations/cp.7164187198527301671 [none]
[debug] [2021-02-18T11:52:17.118Z] <<< [apiv2][status] GET https://cloudresourcemanager.googleapis.com/v1/operations/cp.7164187198527301671 200
[debug] [2021-02-18T11:52:17.119Z] <<< [apiv2][body] GET https://cloudresourcemanager.googleapis.com/v1/operations/cp.7164187198527301671 {"name":"operations/cp.7164187198527301671","metadata":{"@type":"type.googleapis.com/google.cloudresourcemanager.v1.ProjectCreationStatus","gettable":true}}
[debug] [2021-02-18T11:52:17.619Z] [Project Creation Poller] Retrying task index 0
[debug] [2021-02-18T11:52:17.620Z] >>> [apiv2][query] GET https://cloudresourcemanager.googleapis.com/v1/operations/cp.7164187198527301671 [none]
[debug] [2021-02-18T11:52:19.556Z] <<< [apiv2][status] GET https://cloudresourcemanager.googleapis.com/v1/operations/cp.7164187198527301671 200
[debug] [2021-02-18T11:52:19.556Z] <<< [apiv2][body] GET https://cloudresourcemanager.googleapis.com/v1/operations/cp.7164187198527301671 {"name":"operations/cp.7164187198527301671","metadata":{"@type":"type.googleapis.com/google.cloudresourcemanager.v1.ProjectCreationStatus","gettable":true,"ready":true},"done":true,"response":{"@type":"type.googleapis.com/google.cloudresourcemanager.v1.Project","projectNumber":"935305343330","projectId":"ozauth","lifecycleState":"ACTIVE","name":"ozauth","createTime":"2021-02-18T11:52:13.708Z"}}
[debug] [2021-02-18T11:52:19.561Z] > refreshing access token with scopes: ["email","https://www.googleapis.com/auth/cloud-platform","https://www.googleapis.com/auth/cloudplatformprojects.readonly","https://www.googleapis.com/auth/firebase","openid"]
[debug] [2021-02-18T11:52:19.562Z] >>> HTTP REQUEST POST https://www.googleapis.com/oauth2/v3/token  
 <request body omitted>
[debug] [2021-02-18T11:52:20.039Z] <<< HTTP RESPONSE 200 {"cache-control":"no-cache, no-store, max-age=0, must-revalidate","expires":"Mon, 01 Jan 1990 00:00:00 GMT","date":"Thu, 18 Feb 2021 11:52:19 GMT","pragma":"no-cache","content-type":"application/json; charset=utf-8","vary":"X-Origin, Referer, Origin,Accept-Encoding","server":"scaffolding on HTTPServer2","x-xss-protection":"0","x-frame-options":"SAMEORIGIN","x-content-type-options":"nosniff","alt-svc":"h3-29=\":443\"; ma=2592000,h3-T051=\":443\"; ma=2592000,h3-Q050=\":443\"; ma=2592000,h3-Q046=\":443\"; ma=2592000,h3-Q043=\":443\"; ma=2592000,quic=\":443\"; ma=2592000; v=\"46,43\"","accept-ranges":"none","transfer-encoding":"chunked"}
[debug] [2021-02-18T11:52:20.255Z] >>> HTTP REQUEST POST https://firebase.googleapis.com/v1beta1/projects/ozauth:addFirebase  
 
[debug] [2021-02-18T11:52:24.057Z] <<< HTTP RESPONSE 200 {"content-type":"application/json; charset=UTF-8","vary":"X-Origin, Referer, Origin,Accept-Encoding","date":"Thu, 18 Feb 2021 11:52:23 GMT","server":"ESF","cache-control":"private","x-xss-protection":"0","x-frame-options":"SAMEORIGIN","x-content-type-options":"nosniff","alt-svc":"h3-29=\":443\"; ma=2592000,h3-T051=\":443\"; ma=2592000,h3-Q050=\":443\"; ma=2592000,h3-Q046=\":443\"; ma=2592000,h3-Q043=\":443\"; ma=2592000,quic=\":443\"; ma=2592000; v=\"46,43\"","accept-ranges":"none","transfer-encoding":"chunked"}
[debug] [2021-02-18T11:52:24.058Z] > refreshing access token with scopes: []
[debug] [2021-02-18T11:52:24.059Z] >>> HTTP REQUEST POST https://www.googleapis.com/oauth2/v3/token  
 <request body omitted>
[debug] [2021-02-18T11:52:24.606Z] <<< HTTP RESPONSE 200 {"expires":"Mon, 01 Jan 1990 00:00:00 GMT","date":"Thu, 18 Feb 2021 11:52:24 GMT","pragma":"no-cache","cache-control":"no-cache, no-store, max-age=0, must-revalidate","content-type":"application/json; charset=utf-8","vary":"X-Origin, Referer, Origin,Accept-Encoding","server":"scaffolding on HTTPServer2","x-xss-protection":"0","x-frame-options":"SAMEORIGIN","x-content-type-options":"nosniff","alt-svc":"h3-29=\":443\"; ma=2592000,h3-T051=\":443\"; ma=2592000,h3-Q050=\":443\"; ma=2592000,h3-Q046=\":443\"; ma=2592000,h3-Q043=\":443\"; ma=2592000,quic=\":443\"; ma=2592000; v=\"46,43\"","accept-ranges":"none","transfer-encoding":"chunked"}
[debug] [2021-02-18T11:52:24.690Z] >>> [apiv2][query] GET https://firebase.googleapis.com/v1beta1/operations/workflows/ZWQxMGY0NzgtMzY1OC00NjQwLWI3NDMtNmFkNmRjOGUwN2I1 [none]
[debug] [2021-02-18T11:52:25.726Z] <<< [apiv2][status] GET https://firebase.googleapis.com/v1beta1/operations/workflows/ZWQxMGY0NzgtMzY1OC00NjQwLWI3NDMtNmFkNmRjOGUwN2I1 200
[debug] [2021-02-18T11:52:25.727Z] <<< [apiv2][body] GET https://firebase.googleapis.com/v1beta1/operations/workflows/ZWQxMGY0NzgtMzY1OC00NjQwLWI3NDMtNmFkNmRjOGUwN2I1 {"name":"operations/workflows/ZWQxMGY0NzgtMzY1OC00NjQwLWI3NDMtNmFkNmRjOGUwN2I1"}
[debug] [2021-02-18T11:52:26.227Z] [Add Firebase Poller] Retrying task index 0
[debug] [2021-02-18T11:52:26.228Z] >>> [apiv2][query] GET https://firebase.googleapis.com/v1beta1/operations/workflows/ZWQxMGY0NzgtMzY1OC00NjQwLWI3NDMtNmFkNmRjOGUwN2I1 [none]
[debug] [2021-02-18T11:52:27.748Z] <<< [apiv2][status] GET https://firebase.googleapis.com/v1beta1/operations/workflows/ZWQxMGY0NzgtMzY1OC00NjQwLWI3NDMtNmFkNmRjOGUwN2I1 200
[debug] [2021-02-18T11:52:27.749Z] <<< [apiv2][body] GET https://firebase.googleapis.com/v1beta1/operations/workflows/ZWQxMGY0NzgtMzY1OC00NjQwLWI3NDMtNmFkNmRjOGUwN2I1 {"name":"operations/workflows/ZWQxMGY0NzgtMzY1OC00NjQwLWI3NDMtNmFkNmRjOGUwN2I1"}
[debug] [2021-02-18T11:52:28.749Z] [Add Firebase Poller] Retrying task index 0
[debug] [2021-02-18T11:52:28.750Z] >>> [apiv2][query] GET https://firebase.googleapis.com/v1beta1/operations/workflows/ZWQxMGY0NzgtMzY1OC00NjQwLWI3NDMtNmFkNmRjOGUwN2I1 [none]
[debug] [2021-02-18T11:52:30.078Z] <<< [apiv2][status] GET https://firebase.googleapis.com/v1beta1/operations/workflows/ZWQxMGY0NzgtMzY1OC00NjQwLWI3NDMtNmFkNmRjOGUwN2I1 200
[debug] [2021-02-18T11:52:30.078Z] <<< [apiv2][body] GET https://firebase.googleapis.com/v1beta1/operations/workflows/ZWQxMGY0NzgtMzY1OC00NjQwLWI3NDMtNmFkNmRjOGUwN2I1 {"name":"operations/workflows/ZWQxMGY0NzgtMzY1OC00NjQwLWI3NDMtNmFkNmRjOGUwN2I1"}
[debug] [2021-02-18T11:52:32.079Z] [Add Firebase Poller] Retrying task index 0
[debug] [2021-02-18T11:52:32.080Z] >>> [apiv2][query] GET https://firebase.googleapis.com/v1beta1/operations/workflows/ZWQxMGY0NzgtMzY1OC00NjQwLWI3NDMtNmFkNmRjOGUwN2I1 [none]
[debug] [2021-02-18T11:52:33.891Z] <<< [apiv2][status] GET https://firebase.googleapis.com/v1beta1/operations/workflows/ZWQxMGY0NzgtMzY1OC00NjQwLWI3NDMtNmFkNmRjOGUwN2I1 200
[debug] [2021-02-18T11:52:33.892Z] <<< [apiv2][body] GET https://firebase.googleapis.com/v1beta1/operations/workflows/ZWQxMGY0NzgtMzY1OC00NjQwLWI3NDMtNmFkNmRjOGUwN2I1 {"name":"operations/workflows/ZWQxMGY0NzgtMzY1OC00NjQwLWI3NDMtNmFkNmRjOGUwN2I1","done":true,"response":{"@type":"type.googleapis.com/google.firebase.service.v1beta1.FirebaseProject","projectId":"ozauth","projectNumber":"935305343330","displayName":"ozauth","name":"projects/ozauth","resources":{"hostingSite":"ozauth"}}}
[info] 
[info] 🎉🎉🎉 Your Firebase project is ready! 🎉🎉🎉
[info] 
[info] Project information:
[info]    - Project ID: ozauth
[info]    - Project Name: ozauth
[info] 
[info] Firebase console is available at
[info] https://console.firebase.google.com/project/ozauth/overview
[info] i  Using project ozauth (ozauth) 
[info] 
=== Hosting Setup
[info] 
[info] Your public directory is the folder (relative to your project directory) that
[info] will contain Hosting assets to be uploaded with firebase deploy. If you
[info] have a build process for your assets, use your build's output directory.
[info] 
[debug] [2021-02-18T11:53:47.572Z] >>> [apiv2][query] GET https://www.gstatic.com/firebasejs/releases.json [none]
[debug] [2021-02-18T11:53:48.055Z] <<< [apiv2][status] GET https://www.gstatic.com/firebasejs/releases.json 200
[debug] [2021-02-18T11:53:48.055Z] <<< [apiv2][body] GET https://www.gstatic.com/firebasejs/releases.json {"current":{"version":"8.2.7","browserURL":"https://www.gstatic.com/firebasejs/8.2.7/firebase.js","packageURL":"https://www.gstatic.com/firebasejs/8.2.7/firebase.tgz"},"live":{"version":"8.2","browserURL":"https://www.gstatic.com/firebasejs/live/8.2/firebase.js","packageURL":"https://www.gstatic.com/firebasejs/live/8.2/firebase.tgz"},"components":{"analytics":"https://www.gstatic.com/firebasejs/8.2.7/firebase-analytics.js","app":"https://www.gstatic.com/firebasejs/8.2.7/firebase-app.js","auth":"https://www.gstatic.com/firebasejs/8.2.7/firebase-auth.js","database":"https://www.gstatic.com/firebasejs/8.2.7/firebase-database.js","firestore":"https://www.gstatic.com/firebasejs/8.2.7/firebase-firestore.js","functions":"https://www.gstatic.com/firebasejs/8.2.7/firebase-functions.js","installations":"https://www.gstatic.com/firebasejs/8.2.7/firebase-installations.js","messaging":"https://www.gstatic.com/firebasejs/8.2.7/firebase-messaging.js","storage":"https://www.gstatic.com/firebasejs/8.2.7/firebase-storage.js","performance":"https://www.gstatic.com/firebasejs/8.2.7/firebase-performance.js","remote-config":"https://www.gstatic.com/firebasejs/8.2.7/firebase-remote-config.js","firestore.memory":"https://www.gstatic.com/firebasejs/8.2.7/firebase-firestore.memory.js"}}
[info] ✔  Wrote build/index.html 
[info] 
[info] i  Detected a .git folder at /home/ozair/Documents/todo 
[info] i  Authorizing with GitHub to upload your service account to a GitHub repository's secrets store. 
[info] 
[info] Visit this URL on this device to log in:
[info] https://github.com/login/oauth/authorize?client_id=89cf50f02ac6aaed3484&state=177928035&redirect_uri=http%3A%2F%2Flocalhost%3A9005&scope=read%3Auser%20repo%20public_repo
[info] 
[info] Waiting for authentication...
[debug] [2021-02-18T11:55:01.226Z] >>> HTTP REQUEST POST https://github.com/login/oauth/access_token  
 {"client_id":"89cf50f02ac6aaed3484","client_secret":"3330d14abc895d9a74d5f17cd7a00711fa2c5bf0","code":"b16e4a11278930bbc130","redirect_uri":"http://localhost:9005","state":"177928035"}
[debug] [2021-02-18T11:55:02.031Z] <<< HTTP RESPONSE 200 {"server":"GitHub.com","date":"Thu, 18 Feb 2021 11:55:01 GMT","content-type":"application/json; charset=utf-8","vary":"X-PJAX, Accept-Encoding, Accept, X-Requested-With","etag":"W/\"e22a0950a789392f972528169288a293\"","cache-control":"max-age=0, private, must-revalidate","strict-transport-security":"max-age=31536000; includeSubdomains; preload","x-frame-options":"deny","x-content-type-options":"nosniff","x-xss-protection":"1; mode=block","referrer-policy":"origin-when-cross-origin, strict-origin-when-cross-origin","expect-ct":"max-age=2592000, report-uri=\"https://api.github.com/_private/browser/errors\"","content-security-policy":"default-src 'none'; base-uri 'self'; block-all-mixed-content; connect-src 'self' uploads.github.com www.githubstatus.com collector.githubapp.com api.github.com github-cloud.s3.amazonaws.com github-production-repository-file-5c1aeb.s3.amazonaws.com github-production-upload-manifest-file-7fdce7.s3.amazonaws.com github-production-user-asset-6210df.s3.amazonaws.com cdn.optimizely.com logx.optimizely.com/v1/events wss://alive.github.com; font-src github.githubassets.com; form-action 'self' github.com gist.github.com; frame-ancestors 'none'; frame-src render.githubusercontent.com; img-src 'self' data: github.githubassets.com identicons.github.com collector.githubapp.com github-cloud.s3.amazonaws.com user-images.githubusercontent.com/ *.githubusercontent.com; manifest-src 'self'; media-src 'none'; script-src github.githubassets.com; style-src 'unsafe-inline' github.githubassets.com; worker-src github.com/socket-worker-5029ae85.js gist.github.com/socket-worker-5029ae85.js","x-github-request-id":"A59B:38BB:2CBCC9:30D334:602E5595","transfer-encoding":"chunked"}
[debug] [2021-02-18T11:55:02.134Z] >>> [apiv2][query] GET https://api.github.com/user [none]
[debug] [2021-02-18T11:55:02.845Z] <<< [apiv2][status] GET https://api.github.com/user 200
[debug] [2021-02-18T11:55:02.846Z] <<< [apiv2][body] GET https://api.github.com/user {"login":"truemail785","id":65649182,"node_id":"MDQ6VXNlcjY1NjQ5MTgy","avatar_url":"https://avatars.githubusercontent.com/u/65649182?v=4","gravatar_id":"","url":"https://api.github.com/users/truemail785","html_url":"https://github.com/truemail785","followers_url":"https://api.github.com/users/truemail785/followers","following_url":"https://api.github.com/users/truemail785/following{/other_user}","gists_url":"https://api.github.com/users/truemail785/gists{/gist_id}","starred_url":"https://api.github.com/users/truemail785/starred{/owner}{/repo}","subscriptions_url":"https://api.github.com/users/truemail785/subscriptions","organizations_url":"https://api.github.com/users/truemail785/orgs","repos_url":"https://api.github.com/users/truemail785/repos","events_url":"https://api.github.com/users/truemail785/events{/privacy}","received_events_url":"https://api.github.com/users/truemail785/received_events","type":"User","site_admin":false,"name":null,"company":null,"blog":"","location":null,"email":null,"hireable":null,"bio":null,"twitter_username":null,"public_repos":29,"public_gists":0,"followers":0,"following":0,"created_at":"2020-05-20T07:28:00Z","updated_at":"2021-02-18T11:54:57Z","private_gists":8,"total_private_repos":0,"owned_private_repos":0,"disk_usage":10887,"collaborators":0,"two_factor_authentication":false,"plan":{"name":"free","space":976562499,"collaborators":0,"private_repos":10000}}
[info] 
[info] ✔  Success! Logged into GitHub as truemail785 
[info] 
